-------------------------------------------------------------------------------->8
[2026-03-04T01:17:17.614253233Z][docker-desktop-user-distro] syncContextStores <HOME>/.docker/contexts <-> /mnt/c/Users/pc/.docker/contexts
[2026-03-04T01:17:17.639055212Z][docker-desktop-user-distro] syncContextStores <HOME>/.docker/contexts <-> /mnt/c/Users/pc/.docker/contexts os.Symlink <HOME>/.docker/contexts -> /mnt/c/Users/pc/.docker/contexts
-------------------------------------------------------------------------------->8
[2026-03-04T01:17:18.430712114Z][docker-desktop-user-distro] linkPathToWindows windowsPath = /mnt/c/Users/pc/.aws, linkPath = <HOME>/.aws
-------------------------------------------------------------------------------->8
[2026-03-04T01:17:19.231300746Z][docker-desktop-user-distro] linkPathToWindows windowsPath = /mnt/c/Users/pc/.azure, linkPath = <HOME>/.azure
-------------------------------------------------------------------------------->8
[2026-03-04T01:17:20.049305822Z][docker-desktop-user-distro] linkPathToWindows windowsPath = /mnt/c/Users/pc/.docker/features.json, linkPath = ~/.docker/features.json
-------------------------------------------------------------------------------->8
[2026-03-04T15:35:58.226161320Z][docker-desktop-user-distro] syncContextStores <HOME>/.docker/contexts <-> /mnt/c/Users/pc/.docker/contexts
[2026-03-04T15:35:58.250490545Z][docker-desktop-user-distro] syncContextStores <HOME>/.docker/contexts <-> /mnt/c/Users/pc/.docker/contexts: syncNoop
-------------------------------------------------------------------------------->8
[2026-03-04T15:35:59.117377656Z][docker-desktop-user-distro] linkPathToWindows windowsPath = /mnt/c/Users/pc/.aws, linkPath = <HOME>/.aws
[2026-03-04T15:35:59.231018083Z][docker-desktop-user-distro] no need to symlink <HOME>/.aws to /mnt/c/Users/pc/.aws: they are the same path already
-------------------------------------------------------------------------------->8
[2026-03-04T15:36:00.065951139Z][docker-desktop-user-distro] linkPathToWindows windowsPath = /mnt/c/Users/pc/.azure, linkPath = <HOME>/.azure
[2026-03-04T15:36:00.088462457Z][docker-desktop-user-distro] no need to symlink <HOME>/.azure to /mnt/c/Users/pc/.azure: they are the same path already
-------------------------------------------------------------------------------->8
[2026-03-04T15:36:15.577146140Z][docker-desktop-user-distro] linkPathToWindows windowsPath = /mnt/c/Users/pc/.docker/features.json, linkPath = ~/.docker/features.json
-------------------------------------------------------------------------------->8
[2026-03-04T16:44:58.913107762Z][docker-desktop-user-distro] syncContextStores <HOME>/.docker/contexts <-> /mnt/c/Users/pc/.docker/contexts
[2026-03-04T16:44:58.935394643Z][docker-desktop-user-distro] syncContextStores <HOME>/.docker/contexts <-> /mnt/c/Users/pc/.docker/contexts: syncNoop
-------------------------------------------------------------------------------->8
[2026-03-04T16:44:45.430253220Z][docker-desktop-user-distro] linkPathToWindows windowsPath = /mnt/c/Users/pc/.aws, linkPath = <HOME>/.aws
[2026-03-04T16:44:45.443572712Z][docker-desktop-user-distro] no need to symlink <HOME>/.aws to /mnt/c/Users/pc/.aws: they are the same path already
-------------------------------------------------------------------------------->8
[2026-03-04T16:44:46.817337663Z][docker-desktop-user-distro] linkPathToWindows windowsPath = /mnt/c/Users/pc/.azure, linkPath = <HOME>/.azure
[2026-03-04T16:44:46.830320257Z][docker-desktop-user-distro] no need to symlink <HOME>/.azure to /mnt/c/Users/pc/.azure: they are the same path already
-------------------------------------------------------------------------------->8
[2026-03-04T16:44:48.268562278Z][docker-desktop-user-distro] linkPathToWindows windowsPath = /mnt/c/Users/pc/.docker/features.json, linkPath = ~/.docker/features.json
-------------------------------------------------------------------------------->8
[2026-03-05T16:59:57.140150104Z][docker-desktop-user-distro] syncContextStores <HOME>/.docker/contexts <-> /mnt/c/Users/pc/.docker/contexts
[2026-03-05T16:59:57.251094112Z][docker-desktop-user-distro] syncContextStores <HOME>/.docker/contexts <-> /mnt/c/Users/pc/.docker/contexts: syncNoop
-------------------------------------------------------------------------------->8
[2026-03-05T16:59:58.777776746Z][docker-desktop-user-distro] linkPathToWindows windowsPath = /mnt/c/Users/pc/.aws, linkPath = <HOME>/.aws
[2026-03-05T16:59:58.878891582Z][docker-desktop-user-distro] no need to symlink <HOME>/.aws to /mnt/c/Users/pc/.aws: they are the same path already
-------------------------------------------------------------------------------->8
[2026-03-05T16:59:59.782085419Z][docker-desktop-user-distro] linkPathToWindows windowsPath = /mnt/c/Users/pc/.azure, linkPath = <HOME>/.azure
[2026-03-05T16:59:59.802422680Z][docker-desktop-user-distro] no need to symlink <HOME>/.azure to /mnt/c/Users/pc/.azure: they are the same path already
-------------------------------------------------------------------------------->8
[2026-03-05T17:00:00.654193156Z][docker-desktop-user-distro] linkPathToWindows windowsPath = /mnt/c/Users/pc/.docker/features.json, linkPath = ~/.docker/features.json
